
============================================================
REQUEST RECEIVED AT 2025-12-18 13:16:51.243745
Scenario ID: custom-report-builder-pro
Filename: HALK EĞİTİM YER SAAT BİLDİRİMİ teorik dersler (3).xlsx
Sheet: Sayfa1
Params Raw: {"":"Sayfa2","config":"{\"actions\":[{\"type\":\"union\",\"ignore_index\":true,\"use_crosssheet\":false,\"crosssheet_name\":null}]}"}...
Calling runner for custom-report-builder-pro...
Runner finished successfully.

============================================================
REQUEST RECEIVED AT 2025-12-18 13:17:01.058465
Scenario ID: custom-report-builder-pro
Filename: HALK EĞİTİM YER SAAT BİLDİRİMİ teorik dersler (3).xlsx
Sheet: Sayfa1
Params Raw: {"":"Sayfa2","config":"{\"actions\":[{\"type\":\"union\",\"ignore_index\":true,\"use_crosssheet\":false,\"crosssheet_name\":null}]}"}...
Calling runner for custom-report-builder-pro...
Runner finished successfully.

============================================================
REQUEST RECEIVED AT 2025-12-18 13:17:07.825987
Scenario ID: custom-report-builder-pro
Filename: HALK EĞİTİM YER SAAT BİLDİRİMİ teorik dersler (3).xlsx
Sheet: Sayfa1
Params Raw: {"":"Sayfa2","config":"{\"actions\":[{\"type\":\"union\",\"ignore_index\":true,\"use_crosssheet\":false,\"crosssheet_name\":null}]}"}...
Calling runner for custom-report-builder-pro...
Runner finished successfully.

============================================================
REQUEST RECEIVED AT 2025-12-18 13:17:16.449905
Scenario ID: custom-report-builder-pro
Filename: HALK EĞİTİM YER SAAT BİLDİRİMİ teorik dersler (3).xlsx
Sheet: Sayfa1
Params Raw: {"":"Sayfa2","config":"{\"actions\":[{\"type\":\"union\",\"ignore_index\":true,\"use_crosssheet\":false,\"crosssheet_name\":null}]}"}...
Calling runner for custom-report-builder-pro...
Runner finished successfully.

============================================================
REQUEST RECEIVED AT 2025-12-18 13:18:05.977897
Scenario ID: custom-report-builder-pro
Filename: HALK EĞİTİM YER SAAT BİLDİRİMİ teorik dersler (3).xlsx
Sheet: Sayfa1
Params Raw: {"":"Sayfa2","config":"{\"actions\":[{\"type\":\"union\",\"ignore_index\":true,\"use_crosssheet\":false,\"crosssheet_name\":null}]}"}...
Calling runner for custom-report-builder-pro...
Runner finished successfully.

============================================================
REQUEST RECEIVED AT 2025-12-18 13:19:59.857514
Scenario ID: custom-report-builder-pro
Filename: HALK EĞİTİM YER SAAT BİLDİRİMİ teorik dersler (3).xlsx
Sheet: Sayfa1
Params Raw: {"":"Sayfa2","config":"{\"actions\":[{\"type\":\"union\",\"ignore_index\":true,\"use_crosssheet\":false,\"crosssheet_name\":null}]}"}...
Calling runner for custom-report-builder-pro...
Runner finished successfully.

============================================================
REQUEST RECEIVED AT 2025-12-18 13:21:36.729941
Scenario ID: custom-report-builder-pro
Filename: HALK EĞİTİM YER SAAT BİLDİRİMİ teorik dersler (3).xlsx
Sheet: Sayfa1
Params Raw: {"":"Sayfa2","config":"{\"actions\":[]}"}...
Calling runner for custom-report-builder-pro...
Runner finished successfully.

============================================================
REQUEST RECEIVED AT 2025-12-18 13:22:17.008878
Scenario ID: custom-report-builder-pro
Filename: HALK EĞİTİM YER SAAT BİLDİRİMİ teorik dersler (3).xlsx
Sheet: Sayfa1
Params Raw: {"":"Sayfa2","config":"{\"actions\":[]}"}...
Calling runner for custom-report-builder-pro...
Runner finished successfully.

============================================================
REQUEST RECEIVED AT 2025-12-18 13:22:18.512976
Scenario ID: custom-report-builder-pro
Filename: HALK EĞİTİM YER SAAT BİLDİRİMİ teorik dersler (3).xlsx
Sheet: Sayfa1
Params Raw: {"":"Sayfa2","config":"{\"actions\":[]}"}...
Calling runner for custom-report-builder-pro...
Runner finished successfully.

============================================================
REQUEST RECEIVED AT 2025-12-18 13:22:20.049486
Scenario ID: custom-report-builder-pro
Filename: HALK EĞİTİM YER SAAT BİLDİRİMİ teorik dersler (3).xlsx
Sheet: Sayfa1
Params Raw: {"":"Sayfa2","config":"{\"actions\":[]}"}...
Calling runner for custom-report-builder-pro...
Runner finished successfully.

============================================================
REQUEST RECEIVED AT 2025-12-18 13:25:06.881857
Scenario ID: custom-report-builder-pro
Filename: HALK EĞİTİM YER SAAT BİLDİRİMİ teorik dersler (3).xlsx
Sheet: Sayfa1
Params Raw: {"":"Sayfa3","config":"{\"actions\":[]}"}...
Calling runner for custom-report-builder-pro...
Runner finished successfully.

============================================================
REQUEST RECEIVED AT 2025-12-18 13:25:08.065289
Scenario ID: custom-report-builder-pro
Filename: HALK EĞİTİM YER SAAT BİLDİRİMİ teorik dersler (3).xlsx
Sheet: Sayfa1
Params Raw: {"":"Sayfa3","config":"{\"actions\":[]}"}...
Calling runner for custom-report-builder-pro...
Runner finished successfully.

============================================================
REQUEST RECEIVED AT 2025-12-18 13:26:17.401678
Scenario ID: custom-report-builder-pro
Filename: HALK EĞİTİM YER SAAT BİLDİRİMİ teorik dersler (3).xlsx
Sheet: Sayfa1
Params Raw: {"":"Sayfa2","config":"{\"actions\":[{\"type\":\"union\",\"ignore_index\":true,\"use_crosssheet\":false,\"crosssheet_name\":null}]}"}...
Calling runner for custom-report-builder-pro...
Runner finished successfully.

============================================================
REQUEST RECEIVED AT 2025-12-18 13:29:18.121459
Scenario ID: custom-report-builder-pro
Filename: HALK EĞİTİM YER SAAT BİLDİRİMİ teorik dersler (3).xlsx
Sheet: Sayfa1
Params Raw: {"":"Sayfa2","config":"{\"actions\":[{\"type\":\"union\",\"ignore_index\":true,\"use_crosssheet\":false,\"crosssheet_name\":null}]}"}...
Calling runner for custom-report-builder-pro...
Runner finished successfully.

============================================================
REQUEST RECEIVED AT 2025-12-18 13:33:20.758494
Scenario ID: custom-report-builder-pro
Filename: tablo4_ykd25082025 (1).xlsx
Sheet: Sayfa1
Params Raw: {"":"Sayfa2","config":"{\"actions\":[{\"type\":\"union\",\"ignore_index\":true,\"use_crosssheet\":false,\"crosssheet_name\":null}]}"}...
Calling runner for custom-report-builder-pro...
Runner finished successfully.

============================================================
REQUEST RECEIVED AT 2025-12-18 13:37:01.024844
Scenario ID: custom-report-builder-pro
Filename: HALK EĞİTİM YER SAAT BİLDİRİMİ teorik dersler (3).xlsx
Sheet: Sayfa1
Params Raw: {"":"Sayfa2","config":"{\"actions\":[{\"type\":\"union\",\"ignore_index\":true,\"use_crosssheet\":false,\"crosssheet_name\":null}]}"}...
Calling runner for custom-report-builder-pro...
Runner finished successfully.

============================================================
REQUEST RECEIVED AT 2025-12-18 13:37:33.680360
Scenario ID: custom-report-builder-pro
Filename: tablo4_ykd25082025 (1).xlsx
Sheet: Sayfa1
Params Raw: {"":"Sayfa2","config":"{\"actions\":[{\"type\":\"union\",\"ignore_index\":true,\"use_crosssheet\":false,\"crosssheet_name\":null}]}"}...
Calling runner for custom-report-builder-pro...
Runner finished successfully.

============================================================
REQUEST RECEIVED AT 2025-12-18 13:43:07.901871
Scenario ID: custom-report-builder-pro
Filename: tablo4_ykd25082025 (1).xlsx
Sheet: Sayfa1
Params Raw: {"":"Sayfa2","config":"{\"actions\":[{\"type\":\"union\",\"ignore_index\":true,\"use_crosssheet\":false,\"crosssheet_name\":null}]}"}...
Calling runner for custom-report-builder-pro...
Runner finished successfully.

============================================================
REQUEST RECEIVED AT 2025-12-18 13:46:01.941620
Scenario ID: custom-report-builder-pro
Filename: tablo4_ykd25082025 (1).xlsx
Sheet: Sayfa1
Params Raw: {"":"Sayfa2","config":"{\"actions\":[{\"type\":\"union\",\"ignore_index\":true,\"use_crosssheet\":false,\"crosssheet_name\":null}]}"}...
Calling runner for custom-report-builder-pro...
Runner finished successfully.

============================================================
REQUEST RECEIVED AT 2025-12-18 13:48:54.166255
Scenario ID: custom-report-builder-pro
Filename: tablo4_ykd25082025 (1).xlsx
Sheet: Sayfa1
Params Raw: {"":"Sayfa2","config":"{\"actions\":[{\"type\":\"union\",\"ignore_index\":true,\"use_crosssheet\":false,\"crosssheet_name\":null}]}"}...
Calling runner for custom-report-builder-pro...
Runner finished successfully.

============================================================
REQUEST RECEIVED AT 2025-12-18 14:00:56.244271
Scenario ID: custom-report-builder-pro
Filename: tablo4_ykd25082025 (1).xlsx
Sheet: Sayfa1
Params Raw: {"":"Sayfa2","config":"{\"actions\":[{\"type\":\"union\",\"ignore_index\":true,\"use_crosssheet\":false,\"crosssheet_name\":null}]}"}...
Calling runner for custom-report-builder-pro...
Runner finished successfully.
