[2025-12-19 20:27:37] Starting email send to: aydogan3984@gmail.com
[2025-12-19 20:27:37] Connecting to smtp.gmail.com:465 (SSL)...
[2025-12-19 20:27:37] Logging in...
[2025-12-19 20:27:38] Sending message...
[2025-12-19 20:27:38] SUCCESS: Email sent successfully to aydogan3984@gmail.com
[2025-12-19 20:37:17] Starting email send to: mehmetsedaaydogan@gmail.com
[2025-12-19 20:37:17] Connecting to smtp.gmail.com:465 (SSL)...
[2025-12-19 20:37:17] Logging in...
[2025-12-19 20:37:17] Sending message...
[2025-12-19 20:37:18] SUCCESS: Email sent successfully to mehmetsedaaydogan@gmail.com
[2025-12-19 20:40:13] Starting email send to: mehmetsedaaydogan@gmail.com
[2025-12-19 20:40:13] Connecting to smtp.gmail.com:465 (SSL)...
[2025-12-19 20:40:13] Logging in...
[2025-12-19 20:40:13] Sending message...
[2025-12-19 20:40:14] SUCCESS: Email sent successfully to mehmetsedaaydogan@gmail.com
[2025-12-19 20:50:01] Starting email send to: aydogan3984@gmail.com
[2025-12-19 20:50:01] Connecting to smtp.gmail.com:465 (SSL)...
[2025-12-19 20:50:01] Logging in...
[2025-12-19 20:50:01] Sending message...
[2025-12-19 20:50:02] SUCCESS: Email sent successfully to aydogan3984@gmail.com
[2025-12-19 20:53:00] Starting email send to: zyganali@gmail.com
[2025-12-19 20:53:00] Connecting to smtp.gmail.com:465 (SSL)...
[2025-12-19 20:53:00] Logging in...
[2025-12-19 20:53:00] Sending message...
[2025-12-19 20:53:01] SUCCESS: Email sent successfully to zyganali@gmail.com
[2025-12-19 21:03:26] DEBUG: admin_reply found for ID 12, user_email: zyganali@gmail.com
[2025-12-19 21:03:26] DEBUG: Adding background task send_admin_reply_email to zyganali@gmail.com
[2025-12-19 21:03:26] Starting email send to: zyganali@gmail.com
[2025-12-19 21:03:26] Connecting to smtp.gmail.com:465 (SSL)...
[2025-12-19 21:03:26] Logging in...
[2025-12-19 21:03:26] Sending message...
[2025-12-19 21:03:27] SUCCESS: Email sent successfully to zyganali@gmail.com
